# JRE version: OpenJDK Runtime Environment (11.0.12+7) (build 11.0.12+7-b1504.28-7817840)
# Java VM: OpenJDK 64-Bit Server VM (11.0.12+7-b1504.28-7817840, mixed mode, tiered, compressed oops, g1 gc, windows-amd64)
Heap:
 garbage-first heap   total 189440K, used 63814K [0x00000000a0000000, 0x0000000100000000)
  region size 1024K, 8 young (8192K), 8 survivors (8192K)
 Metaspace       used 75127K, capacity 76862K, committed 77048K, reserved 1116160K
  class space    used 9756K, capacity 10406K, committed 10496K, reserved 1048576K
GC Heap History (20 events):
Event: 1.689 GC heap after
{Heap after GC invocations=4 (full 0):
 garbage-first heap   total 131072K, used 17444K [0x00000000a0000000, 0x0000000100000000)
  region size 1024K, 2 young (2048K), 2 survivors (2048K)
 Metaspace       used 20647K, capacity 21081K, committed 21248K, reserved 1067008K
  class space    used 2546K, capacity 2712K, committed 2816K, reserved 1048576K
}
Event: 2.078 GC heap before
{Heap before GC invocations=5 (full 0):
 garbage-first heap   total 131072K, used 71716K [0x00000000a0000000, 0x0000000100000000)
  region size 1024K, 55 young (56320K), 2 survivors (2048K)
 Metaspace       used 26551K, capacity 27115K, committed 27264K, reserved 1073152K
  class space    used 3468K, capacity 3670K, committed 3712K, reserved 1048576K
}
Event: 2.081 GC heap after
{Heap after GC invocations=6 (full 0):
 garbage-first heap   total 131072K, used 19273K [0x00000000a0000000, 0x0000000100000000)
  region size 1024K, 4 young (4096K), 4 survivors (4096K)
 Metaspace       used 26551K, capacity 27115K, committed 27264K, reserved 1073152K
  class space    used 3468K, capacity 3670K, committed 3712K, reserved 1048576K
}
Event: 2.611 GC heap before
{Heap before GC invocations=6 (full 0):
 garbage-first heap   total 131072K, used 76617K [0x00000000a0000000, 0x0000000100000000)
  region size 1024K, 61 young (62464K), 4 survivors (4096K)
 Metaspace       used 34882K, capacity 35726K, committed 35840K, reserved 1081344K
  class space    used 4533K, capacity 4839K, committed 4864K, reserved 1048576K
}
Event: 2.621 GC heap after
{Heap after GC invocations=7 (full 0):
 garbage-first heap   total 131072K, used 22312K [0x00000000a0000000, 0x0000000100000000)
  region size 1024K, 6 young (6144K), 6 survivors (6144K)
 Metaspace       used 34882K, capacity 35726K, committed 35840K, reserved 1081344K
  class space    used 4533K, capacity 4839K, committed 4864K, reserved 1048576K
}
Event: 3.302 GC heap before
{Heap before GC invocations=8 (full 0):
 garbage-first heap   total 131072K, used 96040K [0x00000000a0000000, 0x0000000100000000)
  region size 1024K, 76 young (77824K), 6 survivors (6144K)
 Metaspace       used 41827K, capacity 42819K, committed 43008K, reserved 1087488K
  class space    used 5417K, capacity 5764K, committed 5888K, reserved 1048576K
}
Event: 3.310 GC heap after
{Heap after GC invocations=9 (full 0):
 garbage-first heap   total 131072K, used 27252K [0x00000000a0000000, 0x0000000100000000)
  region size 1024K, 10 young (10240K), 10 survivors (10240K)
 Metaspace       used 41827K, capacity 42819K, committed 43008K, reserved 1087488K
  class space    used 5417K, capacity 5764K, committed 5888K, reserved 1048576K
}
Event: 3.722 GC heap before
{Heap before GC invocations=9 (full 0):
 garbage-first heap   total 131072K, used 93812K [0x00000000a0000000, 0x0000000100000000)
  region size 1024K, 74 young (75776K), 10 survivors (10240K)
 Metaspace       used 46050K, capacity 47181K, committed 47360K, reserved 1089536K
  class space    used 5948K, capacity 6368K, committed 6400K, reserved 1048576K
}
Event: 3.732 GC heap after
{Heap after GC invocations=10 (full 0):
 garbage-first heap   total 157696K, used 30381K [0x00000000a0000000, 0x0000000100000000)
  region size 1024K, 9 young (9216K), 9 survivors (9216K)
 Metaspace       used 46050K, capacity 47181K, committed 47360K, reserved 1089536K
  class space    used 5948K, capacity 6368K, committed 6400K, reserved 1048576K
}
Event: 4.355 GC heap before
{Heap before GC invocations=10 (full 0):
 garbage-first heap   total 157696K, used 111277K [0x00000000a0000000, 0x0000000100000000)
  region size 1024K, 82 young (83968K), 9 survivors (9216K)
 Metaspace       used 48946K, capacity 50372K, committed 50560K, reserved 1093632K
  class space    used 6277K, capacity 6749K, committed 6784K, reserved 1048576K
}
Event: 4.364 GC heap after
{Heap after GC invocations=11 (full 0):
 garbage-first heap   total 157696K, used 48128K [0x00000000a0000000, 0x0000000100000000)
  region size 1024K, 11 young (11264K), 11 survivors (11264K)
 Metaspace       used 48946K, capacity 50372K, committed 50560K, reserved 1093632K
  class space    used 6277K, capacity 6749K, committed 6784K, reserved 1048576K
}
Event: 4.934 GC heap before
{Heap before GC invocations=11 (full 0):
 garbage-first heap   total 157696K, used 115712K [0x00000000a0000000, 0x0000000100000000)
  region size 1024K, 77 young (78848K), 11 survivors (11264K)
 Metaspace       used 57823K, capacity 59332K, committed 59392K, reserved 1101824K
  class space    used 7387K, capacity 7924K, committed 7936K, reserved 1048576K
}
Event: 4.941 GC heap after
{Heap after GC invocations=12 (full 0):
 garbage-first heap   total 157696K, used 51523K [0x00000000a0000000, 0x0000000100000000)
  region size 1024K, 3 young (3072K), 3 survivors (3072K)
 Metaspace       used 57823K, capacity 59332K, committed 59392K, reserved 1101824K
  class space    used 7387K, capacity 7924K, committed 7936K, reserved 1048576K
}
Event: 4.949 GC heap before
{Heap before GC invocations=12 (full 0):
 garbage-first heap   total 157696K, used 51523K [0x00000000a0000000, 0x0000000100000000)
  region size 1024K, 4 young (4096K), 3 survivors (3072K)
 Metaspace       used 58120K, capacity 59659K, committed 59904K, reserved 1101824K
  class space    used 7418K, capacity 7925K, committed 7936K, reserved 1048576K
}
Event: 4.952 GC heap after
{Heap after GC invocations=13 (full 0):
 garbage-first heap   total 157696K, used 51101K [0x00000000a0000000, 0x0000000100000000)
  region size 1024K, 3 young (3072K), 3 survivors (3072K)
 Metaspace       used 58120K, capacity 59659K, committed 59904K, reserved 1101824K
  class space    used 7418K, capacity 7925K, committed 7936K, reserved 1048576K
}
Event: 5.672 GC heap before
{Heap before GC invocations=14 (full 0):
 garbage-first heap   total 157696K, used 117661K [0x00000000a0000000, 0x0000000100000000)
  region size 1024K, 68 young (69632K), 3 survivors (3072K)
 Metaspace       used 64455K, capacity 66012K, committed 66168K, reserved 1105920K
  class space    used 8198K, capacity 8772K, committed 8832K, reserved 1048576K
}
Event: 5.686 GC heap after
{Heap after GC invocations=15 (full 0):
 garbage-first heap   total 157696K, used 57135K [0x00000000a0000000, 0x0000000100000000)
  region size 1024K, 9 young (9216K), 9 survivors (9216K)
 Metaspace       used 64455K, capacity 66012K, committed 66168K, reserved 1105920K
  class space    used 8198K, capacity 8772K, committed 8832K, reserved 1048576K
}
Event: 6.318 GC heap before
{Heap before GC invocations=16 (full 0):
 garbage-first heap   total 157696K, used 119599K [0x00000000a0000000, 0x0000000100000000)
  region size 1024K, 70 young (71680K), 9 survivors (9216K)
 Metaspace       used 67572K, capacity 69208K, committed 69368K, reserved 1110016K
  class space    used 8606K, capacity 9170K, committed 9216K, reserved 1048576K
}
Event: 6.328 GC heap after
{Heap after GC invocations=17 (full 0):
 garbage-first heap   total 157696K, used 60555K [0x00000000a0000000, 0x0000000100000000)
  region size 1024K, 5 young (5120K), 5 survivors (5120K)
 Metaspace       used 67572K, capacity 69208K, committed 69368K, reserved 1110016K
  class space    used 8606K, capacity 9170K, committed 9216K, reserved 1048576K
}
Event: 6.970 GC heap before
{Heap before GC invocations=17 (full 0):
 garbage-first heap   total 157696K, used 121995K [0x00000000a0000000, 0x0000000100000000)
  region size 1024K, 65 young (66560K), 5 survivors (5120K)
 Metaspace       used 75127K, capacity 76862K, committed 77048K, reserved 1116160K
  class space    used 9756K, capacity 10406K, committed 10496K, reserved 1048576K
}

